Test Execution Started
Driver Created
Config file read
App url fetched from config file
Login data entered
Login button clicked
LOGIN SUCCESS
Logged in to account
Test Execution Started
Driver Created
Config file read
App url fetched from config file
Login data entered
Login button clicked
LOGIN SUCCESS
Logged in to account
Test Execution Started
Driver Created
Config file read
App url fetched from config file
Test Execution Started
Driver Created
Config file read
App url fetched from config file
Test Execution Started
Driver Created
Config file read
App url fetched from config file
Test Execution Started
Driver Created
Config file read
App url fetched from config file
Test Execution Started
Driver Created
Config file read
App url fetched from config file
Test Execution Started
Driver Created
Config file read
App url fetched from config file
Test Execution Started
Driver Created
Config file read
App url fetched from config file
